srun: job 33523507 queued and waiting for resources
srun: job 33523507 has been allocated resources
/usr/bin/xargs: Cannot open input file 'anaughton_run_accession.txt': No such file or directory
srun: error: cpu-node-44: task 0: Exited with exit code 1
srun: job 33523560 queued and waiting for resources
srun: job 33523560 has been allocated resources
[FLASH] FLASH did not complete successfully; exiting with failure status (1)
[FLASH] ERROR: Failed to open "../data/sra_fastq/input/ERR6913234_1.fastq.qz" for reading: No such file or directory
[FLASH] ERROR: Failed to open "../data/sra_fastq/input/ERR6913296_1.fastq.qz" for reading: No such file or directory
[FLASH] FLASH did not complete successfully; exiting with failure status (1)
[FLASH] ERROR: Failed to open "../data/sra_fastq/input/ERR6913302_1.fastq.qz" for reading: No such file or directory
[FLASH] FLASH did not complete successfully; exiting with failure status (1)
[FLASH] ERROR: Failed to open "../data/sra_fastq/input/ERR6913304_1.fastq.qz" for reading: No such file or directory
[FLASH] FLASH did not complete successfully; exiting with failure status (1)
[FLASH] ERROR: Failed to open "../data/sra_fastq/input/ERR6913138_1.fastq.qz" for reading: No such file or directory
[FLASH] FLASH did not complete successfully; exiting with failure status (1)
[FLASH] ERROR: Failed to open "../data/sra_fastq/input/ERR6913325_1.fastq.qz" for reading: No such file or directory
[FLASH] FLASH did not complete successfully; exiting with failure status (1)
[FLASH] ERROR: Failed to open "../data/sra_fastq/input/ERR6913333_1.fastq.qz" for reading: No such file or directory
[FLASH] FLASH did not complete successfully; exiting with failure status (1)
[FLASH] ERROR: Failed to open "../data/sra_fastq/input/ERR6913331_1.fastq.qz" for reading: No such file or directory
[FLASH] FLASH did not complete successfully; exiting with failure status (1)
srun: error: cpu-node-44: task 0: Exited with exit code 123
srun: job 33523679 queued and waiting for resources
srun: job 33523679 has been allocated resources
[FLASH] Starting FLASH v2.2.00
[FLASH] Fast Length Adjustment of SHort reads
[FLASH]  
[FLASH] Input files:
[FLASH]     ../data/sra_fastq/input/ERR6913234_1.fastq.gz
[FLASH]     ../data/sra_fastq/input/ERR6913234_2.fastq.gz
[FLASH]  
[FLASH] Output files:
[FLASH]     ../data/sra_fastq/merged_pairs//ERR6913234.flash.extendedFrags.fastq.gz
[FLASH]     ../data/sra_fastq/merged_pairs//ERR6913234.flash.notCombined_1.fastq.gz
[FLASH]     ../data/sra_fastq/merged_pairs//ERR6913234.flash.notCombined_2.fastq.gz
[FLASH]     ../data/sra_fastq/merged_pairs//ERR6913234.flash.hist
[FLASH]     ../data/sra_fastq/merged_pairs//ERR6913234.flash.histogram
[FLASH]  
[FLASH] Parameters:
[FLASH]     Min overlap:           10
[FLASH]     Min overlap outie:     35
[FLASH]     Max overlap:           65
[FLASH]     Max mismatch density:  0.250000
[FLASH]     Allow "outie" pairs:   true
[FLASH]     Cap mismatch quals:    false
[FLASH]     Combiner threads:      2
[FLASH]     Input format:          FASTQ, phred_offset=33
[FLASH]     Output format:         FASTQ, phred_offset=33, gzip
[FLASH]  
[FLASH] Starting reader and writer threads
[FLASH] Starting 2 combiner threads
[FLASH] Processed 25000 read pairs
[FLASH] Processed 50000 read pairs
[FLASH] Processed 75000 read pairs
[FLASH] Processed 100000 read pairs
[FLASH] Processed 125000 read pairs
[FLASH] Processed 150000 read pairs
[FLASH] Processed 175000 read pairs
[FLASH] Processed 200000 read pairs
[FLASH] Processed 225000 read pairs
[FLASH] Processed 250000 read pairs
[FLASH] Processed 275000 read pairs
[FLASH] Processed 300000 read pairs
[FLASH] Processed 325000 read pairs
[FLASH] Processed 350000 read pairs
[FLASH] Processed 375000 read pairs
[FLASH] Processed 400000 read pairs
[FLASH] Processed 425000 read pairs
[FLASH] Processed 450000 read pairs
[FLASH] Processed 475000 read pairs
[FLASH] Processed 500000 read pairs
[FLASH] Processed 525000 read pairs
[FLASH] Processed 550000 read pairs
[FLASH] Processed 575000 read pairs
[FLASH] Processed 600000 read pairs
[FLASH] Processed 625000 read pairs
[FLASH] Processed 650000 read pairs
[FLASH] Processed 675000 read pairs
[FLASH] Processed 700000 read pairs
[FLASH] Processed 725000 read pairs
[FLASH] Processed 750000 read pairs
[FLASH] Processed 775000 read pairs
[FLASH] Processed 800000 read pairs
[FLASH] Processed 825000 read pairs
[FLASH] Processed 850000 read pairs
[FLASH] Processed 875000 read pairs
[FLASH] Processed 900000 read pairs
[FLASH] Processed 925000 read pairs
[FLASH] Processed 950000 read pairs
[FLASH] Processed 975000 read pairs
[FLASH] Processed 1000000 read pairs
[FLASH] Processed 1025000 read pairs
[FLASH] Processed 1050000 read pairs
[FLASH] Processed 1075000 read pairs
[FLASH] Processed 1100000 read pairs
[FLASH] Processed 1125000 read pairs
[FLASH] Processed 1150000 read pairs
[FLASH] Processed 1175000 read pairs
[FLASH] Processed 1200000 read pairs
[FLASH] Processed 1225000 read pairs
[FLASH] Processed 1250000 read pairs
[FLASH] Processed 1275000 read pairs
[FLASH] Processed 1300000 read pairs
[FLASH] Processed 1325000 read pairs
[FLASH] Processed 1350000 read pairs
[FLASH] Processed 1368287 read pairs
[FLASH]  
[FLASH] Read combination statistics:
[FLASH]     Total pairs:       1368287
[FLASH]     Discarded pairs:   0
[FLASH]     Percent Discarded: 0.00%
[FLASH]     Combined pairs:    1285568
[FLASH]         Innie pairs:   1283640 (99.85% of combined)
[FLASH]         Outie pairs:   1928 (0.15% of combined)
[FLASH]     Uncombined pairs:  82719
[FLASH]     Percent combined:  93.95%
[FLASH]  
[FLASH] Writing histogram files.
[FLASH] WARNING: An unexpectedly high proportion of combined pairs (91.77%)
overlapped by more than 65 bp, the --max-overlap (-M) parameter.  Consider
increasing this parameter.  (As-is, FLASH is penalizing overlaps longer than
65 bp when considering them for possible combining!)
[FLASH]  
[FLASH] FLASH v2.2.00 complete!
[FLASH] 62.736 seconds elapsed
[FLASH] Finished with 1 warning (see above)
[FLASH] Starting FLASH v2.2.00
[FLASH] Fast Length Adjustment of SHort reads
[FLASH]  
[FLASH] Input files:
[FLASH]     ../data/sra_fastq/input/ERR6913296_1.fastq.gz
[FLASH]     ../data/sra_fastq/input/ERR6913296_2.fastq.gz
[FLASH]  
[FLASH] Output files:
[FLASH]     ../data/sra_fastq/merged_pairs//ERR6913296.flash.extendedFrags.fastq.gz
[FLASH]     ../data/sra_fastq/merged_pairs//ERR6913296.flash.notCombined_1.fastq.gz
[FLASH]     ../data/sra_fastq/merged_pairs//ERR6913296.flash.notCombined_2.fastq.gz
[FLASH]     ../data/sra_fastq/merged_pairs//ERR6913296.flash.hist
[FLASH]     ../data/sra_fastq/merged_pairs//ERR6913296.flash.histogram
[FLASH]  
[FLASH] Parameters:
[FLASH]     Min overlap:           10
[FLASH]     Min overlap outie:     35
[FLASH]     Max overlap:           65
[FLASH]     Max mismatch density:  0.250000
[FLASH]     Allow "outie" pairs:   true
[FLASH]     Cap mismatch quals:    false
[FLASH]     Combiner threads:      2
[FLASH]     Input format:          FASTQ, phred_offset=33
[FLASH]     Output format:         FASTQ, phred_offset=33, gzip
[FLASH]  
[FLASH] Starting reader and writer threads
[FLASH] Starting 2 combiner threads
[FLASH] Processed 25000 read pairs
[FLASH] Processed 50000 read pairs
[FLASH] Processed 75000 read pairs
[FLASH] Processed 100000 read pairs
[FLASH] Processed 125000 read pairs
[FLASH] Processed 150000 read pairs
[FLASH] Processed 175000 read pairs
[FLASH] Processed 200000 read pairs
[FLASH] Processed 225000 read pairs
[FLASH] Processed 250000 read pairs
[FLASH] Processed 275000 read pairs
[FLASH] Processed 300000 read pairs
[FLASH] Processed 325000 read pairs
[FLASH] Processed 350000 read pairs
[FLASH] Processed 375000 read pairs
[FLASH] Processed 400000 read pairs
[FLASH] Processed 425000 read pairs
[FLASH] Processed 450000 read pairs
[FLASH] Processed 475000 read pairs
[FLASH] Processed 500000 read pairs
[FLASH] Processed 525000 read pairs
[FLASH] Processed 550000 read pairs
[FLASH] Processed 575000 read pairs
[FLASH] Processed 600000 read pairs
[FLASH] Processed 625000 read pairs
[FLASH] Processed 650000 read pairs
[FLASH] Processed 675000 read pairs
[FLASH] Processed 700000 read pairs
[FLASH] Processed 725000 read pairs
[FLASH] Processed 750000 read pairs
[FLASH] Processed 775000 read pairs
[FLASH] Processed 800000 read pairs
[FLASH] Processed 805781 read pairs
[FLASH]  
[FLASH] Read combination statistics:
[FLASH]     Total pairs:       805781
[FLASH]     Discarded pairs:   0
[FLASH]     Percent Discarded: 0.00%
[FLASH]     Combined pairs:    708045
[FLASH]         Innie pairs:   707542 (99.93% of combined)
[FLASH]         Outie pairs:   503 (0.07% of combined)
[FLASH]     Uncombined pairs:  97736
[FLASH]     Percent combined:  87.87%
[FLASH]  
[FLASH] Writing histogram files.
[FLASH]  
[FLASH] FLASH v2.2.00 complete!
[FLASH] WARNING: An unexpectedly high proportion of combined pairs (84.74%)
overlapped by more than 65 bp, the --max-overlap (-M) parameter.  Consider
increasing this parameter.  (As-is, FLASH is penalizing overlaps longer than
65 bp when considering them for possible combining!)
[FLASH] 51.488 seconds elapsed
[FLASH] Finished with 1 warning (see above)
[FLASH] Starting FLASH v2.2.00
[FLASH] Fast Length Adjustment of SHort reads
[FLASH]  
[FLASH] Input files:
[FLASH]     ../data/sra_fastq/input/ERR6913302_1.fastq.gz
[FLASH]     ../data/sra_fastq/input/ERR6913302_2.fastq.gz
[FLASH]  
[FLASH] Output files:
[FLASH]     ../data/sra_fastq/merged_pairs//ERR6913302.flash.extendedFrags.fastq.gz
[FLASH]     ../data/sra_fastq/merged_pairs//ERR6913302.flash.notCombined_1.fastq.gz
[FLASH]     ../data/sra_fastq/merged_pairs//ERR6913302.flash.notCombined_2.fastq.gz
[FLASH]     ../data/sra_fastq/merged_pairs//ERR6913302.flash.hist
[FLASH]     ../data/sra_fastq/merged_pairs//ERR6913302.flash.histogram
[FLASH]  
[FLASH] Parameters:
[FLASH]     Min overlap:           10
[FLASH]     Min overlap outie:     35
[FLASH]     Max overlap:           65
[FLASH]     Max mismatch density:  0.250000
[FLASH]     Allow "outie" pairs:   true
[FLASH]     Cap mismatch quals:    false
[FLASH]     Combiner threads:      2
[FLASH]     Input format:          FASTQ, phred_offset=33
[FLASH]     Output format:         FASTQ, phred_offset=33, gzip
[FLASH]  
[FLASH] Starting reader and writer threads
[FLASH] Starting 2 combiner threads
[FLASH] Processed 25000 read pairs
[FLASH] Processed 50000 read pairs
[FLASH] Processed 75000 read pairs
[FLASH] Processed 100000 read pairs
[FLASH] Processed 125000 read pairs
[FLASH] Processed 150000 read pairs
[FLASH] Processed 175000 read pairs
[FLASH] Processed 200000 read pairs
[FLASH] Processed 225000 read pairs
[FLASH] Processed 250000 read pairs
[FLASH] Processed 256225 read pairs
[FLASH]  
[FLASH] Read combination statistics:
[FLASH]     Total pairs:       256225
[FLASH]     Discarded pairs:   0
[FLASH]     Percent Discarded: 0.00%
[FLASH]     Combined pairs:    199716
[FLASH]         Innie pairs:   199463 (99.87% of combined)
[FLASH]         Outie pairs:   253 (0.13% of combined)
[FLASH]     Uncombined pairs:  56509
[FLASH]     Percent combined:  77.95%
[FLASH]  
[FLASH] Writing histogram files.
[FLASH]  
[FLASH] FLASH v2.2.00 complete!
[FLASH] WARNING: An unexpectedly high proportion of combined pairs (83.22%)
overlapped by more than 65 bp, the --max-overlap (-M) parameter.  Consider
increasing this parameter.  (As-is, FLASH is penalizing overlaps longer than
65 bp when considering them for possible combining!)
[FLASH] 15.744 seconds elapsed
[FLASH] Finished with 1 warning (see above)
[FLASH] Starting FLASH v2.2.00
[FLASH] Fast Length Adjustment of SHort reads
[FLASH]  
[FLASH] Input files:
[FLASH]     ../data/sra_fastq/input/ERR6913304_1.fastq.gz
[FLASH]     ../data/sra_fastq/input/ERR6913304_2.fastq.gz
[FLASH]  
[FLASH] Output files:
[FLASH]     ../data/sra_fastq/merged_pairs//ERR6913304.flash.extendedFrags.fastq.gz
[FLASH]     ../data/sra_fastq/merged_pairs//ERR6913304.flash.notCombined_1.fastq.gz
[FLASH]     ../data/sra_fastq/merged_pairs//ERR6913304.flash.notCombined_2.fastq.gz
[FLASH]     ../data/sra_fastq/merged_pairs//ERR6913304.flash.hist
[FLASH]     ../data/sra_fastq/merged_pairs//ERR6913304.flash.histogram
[FLASH]  
[FLASH] Parameters:
[FLASH]     Min overlap:           10
[FLASH]     Min overlap outie:     35
[FLASH]     Max overlap:           65
[FLASH]     Max mismatch density:  0.250000
[FLASH]     Allow "outie" pairs:   true
[FLASH]     Cap mismatch quals:    false
[FLASH]     Combiner threads:      2
[FLASH]     Input format:          FASTQ, phred_offset=33
[FLASH]     Output format:         FASTQ, phred_offset=33, gzip
[FLASH]  
[FLASH] Starting reader and writer threads
[FLASH] Starting 2 combiner threads
[FLASH] Processed 25000 read pairs
[FLASH] Processed 50000 read pairs
[FLASH] Processed 75000 read pairs
[FLASH] Processed 100000 read pairs
[FLASH] Processed 125000 read pairs
[FLASH] Processed 150000 read pairs
[FLASH] Processed 175000 read pairs
[FLASH] Processed 200000 read pairs
[FLASH] Processed 225000 read pairs
[FLASH] Processed 250000 read pairs
[FLASH] Processed 275000 read pairs
[FLASH] Processed 300000 read pairs
[FLASH] Processed 325000 read pairs
[FLASH] Processed 349748 read pairs
[FLASH]  
[FLASH] Read combination statistics:
[FLASH]     Total pairs:       349748
[FLASH]     Discarded pairs:   0
[FLASH]     Percent Discarded: 0.00%
[FLASH]     Combined pairs:    299745
[FLASH]         Innie pairs:   299270 (99.84% of combined)
[FLASH]         Outie pairs:   475 (0.16% of combined)
[FLASH]     Uncombined pairs:  50003
[FLASH]     Percent combined:  85.70%
[FLASH]  
[FLASH] Writing histogram files.
[FLASH] WARNING: An unexpectedly high proportion of combined pairs (85.59%)
overlapped by more than 65 bp, the --max-overlap (-M) parameter.  Consider
increasing this parameter.  (As-is, FLASH is penalizing overlaps longer than
65 bp when considering them for possible combining!)
[FLASH]  
[FLASH] FLASH v2.2.00 complete!
[FLASH] 20.048 seconds elapsed
[FLASH] Finished with 1 warning (see above)
[FLASH] Starting FLASH v2.2.00
[FLASH] Fast Length Adjustment of SHort reads
[FLASH]  
[FLASH] Input files:
[FLASH]     ../data/sra_fastq/input/ERR6913138_1.fastq.gz
[FLASH]     ../data/sra_fastq/input/ERR6913138_2.fastq.gz
[FLASH]  
[FLASH] Output files:
[FLASH]     ../data/sra_fastq/merged_pairs//ERR6913138.flash.extendedFrags.fastq.gz
[FLASH]     ../data/sra_fastq/merged_pairs//ERR6913138.flash.notCombined_1.fastq.gz
[FLASH]     ../data/sra_fastq/merged_pairs//ERR6913138.flash.notCombined_2.fastq.gz
[FLASH]     ../data/sra_fastq/merged_pairs//ERR6913138.flash.hist
[FLASH]     ../data/sra_fastq/merged_pairs//ERR6913138.flash.histogram
[FLASH]  
[FLASH] Parameters:
[FLASH]     Min overlap:           10
[FLASH]     Min overlap outie:     35
[FLASH]     Max overlap:           65
[FLASH]     Max mismatch density:  0.250000
[FLASH]     Allow "outie" pairs:   true
[FLASH]     Cap mismatch quals:    false
[FLASH]     Combiner threads:      2
[FLASH]     Input format:          FASTQ, phred_offset=33
[FLASH]     Output format:         FASTQ, phred_offset=33, gzip
[FLASH]  
[FLASH] Starting reader and writer threads
[FLASH] Starting 2 combiner threads
[FLASH] Processed 25000 read pairs
[FLASH] Processed 50000 read pairs
[FLASH] Processed 75000 read pairs
[FLASH] Processed 100000 read pairs
[FLASH] Processed 125000 read pairs
[FLASH] Processed 150000 read pairs
[FLASH] Processed 175000 read pairs
[FLASH] Processed 200000 read pairs
[FLASH] Processed 225000 read pairs
[FLASH] Processed 250000 read pairs
[FLASH] Processed 275000 read pairs
[FLASH] Processed 300000 read pairs
[FLASH] Processed 325000 read pairs
[FLASH] Processed 350000 read pairs
[FLASH] Processed 375000 read pairs
[FLASH] Processed 400000 read pairs
[FLASH] Processed 425000 read pairs
[FLASH] Processed 450000 read pairs
[FLASH] Processed 475000 read pairs
[FLASH] Processed 500000 read pairs
[FLASH] Processed 525000 read pairs
[FLASH] Processed 550000 read pairs
[FLASH] Processed 575000 read pairs
[FLASH] Processed 600000 read pairs
[FLASH] Processed 625000 read pairs
[FLASH] Processed 650000 read pairs
[FLASH] Processed 675000 read pairs
[FLASH] Processed 700000 read pairs
[FLASH] Processed 725000 read pairs
[FLASH] Processed 750000 read pairs
[FLASH] Processed 775000 read pairs
[FLASH] Processed 800000 read pairs
[FLASH] Processed 825000 read pairs
[FLASH] Processed 850000 read pairs
[FLASH] Processed 875000 read pairs
[FLASH] Processed 900000 read pairs
[FLASH] Processed 925000 read pairs
[FLASH] Processed 950000 read pairs
[FLASH] Processed 975000 read pairs
[FLASH] Processed 1000000 read pairs
[FLASH] Processed 1025000 read pairs
[FLASH] Processed 1050000 read pairs
[FLASH] Processed 1075000 read pairs
[FLASH] Processed 1100000 read pairs
[FLASH] Processed 1108371 read pairs
[FLASH]  
[FLASH] Read combination statistics:
[FLASH]     Total pairs:       1108371
[FLASH]     Discarded pairs:   0
[FLASH]     Percent Discarded: 0.00%
[FLASH]     Combined pairs:    759311
[FLASH]         Innie pairs:   758464 (99.89% of combined)
[FLASH]         Outie pairs:   847 (0.11% of combined)
[FLASH]     Uncombined pairs:  349060
[FLASH]     Percent combined:  68.51%
[FLASH]  
[FLASH] Writing histogram files.
[FLASH] WARNING: An unexpectedly high proportion of combined pairs (80.26%)
overlapped by more than 65 bp, the --max-overlap (-M) parameter.  Consider
increasing this parameter.  (As-is, FLASH is penalizing overlaps longer than
65 bp when considering them for possible combining!)
[FLASH]  
[FLASH] FLASH v2.2.00 complete!
[FLASH] 66.935 seconds elapsed
[FLASH] Finished with 1 warning (see above)
[FLASH] Starting FLASH v2.2.00
[FLASH] Fast Length Adjustment of SHort reads
[FLASH]  
[FLASH] Input files:
[FLASH]     ../data/sra_fastq/input/ERR6913325_1.fastq.gz
[FLASH]     ../data/sra_fastq/input/ERR6913325_2.fastq.gz
[FLASH]  
[FLASH] Output files:
[FLASH]     ../data/sra_fastq/merged_pairs//ERR6913325.flash.extendedFrags.fastq.gz
[FLASH]     ../data/sra_fastq/merged_pairs//ERR6913325.flash.notCombined_1.fastq.gz
[FLASH]     ../data/sra_fastq/merged_pairs//ERR6913325.flash.notCombined_2.fastq.gz
[FLASH]     ../data/sra_fastq/merged_pairs//ERR6913325.flash.hist
[FLASH]     ../data/sra_fastq/merged_pairs//ERR6913325.flash.histogram
[FLASH]  
[FLASH] Parameters:
[FLASH]     Min overlap:           10
[FLASH]     Min overlap outie:     35
[FLASH]     Max overlap:           65
[FLASH]     Max mismatch density:  0.250000
[FLASH]     Allow "outie" pairs:   true
[FLASH]     Cap mismatch quals:    false
[FLASH]     Combiner threads:      2
[FLASH]     Input format:          FASTQ, phred_offset=33
[FLASH]     Output format:         FASTQ, phred_offset=33, gzip
[FLASH]  
[FLASH] Starting reader and writer threads
[FLASH] Starting 2 combiner threads
[FLASH] Processed 25000 read pairs
[FLASH] Processed 50000 read pairs
[FLASH] Processed 75000 read pairs
[FLASH] Processed 100000 read pairs
[FLASH] Processed 125000 read pairs
[FLASH] Processed 150000 read pairs
[FLASH] Processed 175000 read pairs
[FLASH] Processed 200000 read pairs
[FLASH] Processed 225000 read pairs
[FLASH] Processed 250000 read pairs
[FLASH] Processed 275000 read pairs
[FLASH] Processed 300000 read pairs
[FLASH] Processed 325000 read pairs
[FLASH] Processed 350000 read pairs
[FLASH] Processed 375000 read pairs
[FLASH] Processed 400000 read pairs
[FLASH] Processed 425000 read pairs
[FLASH] Processed 450000 read pairs
[FLASH] Processed 475000 read pairs
[FLASH] Processed 500000 read pairs
[FLASH] Processed 525000 read pairs
[FLASH] Processed 550000 read pairs
[FLASH] Processed 575000 read pairs
[FLASH] Processed 600000 read pairs
[FLASH] Processed 625000 read pairs
[FLASH] Processed 650000 read pairs
[FLASH] Processed 675000 read pairs
[FLASH] Processed 700000 read pairs
[FLASH] Processed 725000 read pairs
[FLASH] Processed 750000 read pairs
[FLASH] Processed 775000 read pairs
[FLASH] Processed 800000 read pairs
[FLASH] Processed 825000 read pairs
[FLASH] Processed 850000 read pairs
[FLASH] Processed 875000 read pairs
[FLASH] Processed 900000 read pairs
[FLASH] Processed 912111 read pairs
[FLASH]  
[FLASH] Read combination statistics:
[FLASH]     Total pairs:       912111
[FLASH]     Discarded pairs:   0
[FLASH]     Percent Discarded: 0.00%
[FLASH]     Combined pairs:    824389
[FLASH]         Innie pairs:   823755 (99.92% of combined)
[FLASH]         Outie pairs:   634 (0.08% of combined)
[FLASH]     Uncombined pairs:  87722
[FLASH]     Percent combined:  90.38%
[FLASH]  
[FLASH] Writing histogram files.
[FLASH] WARNING: An unexpectedly high proportion of combined pairs (85.83%)
overlapped by more than 65 bp, the --max-overlap (-M) parameter.  Consider
increasing this parameter.  (As-is, FLASH is penalizing overlaps longer than
65 bp when considering them for possible combining!)
[FLASH]  
[FLASH] FLASH v2.2.00 complete!
[FLASH] 59.158 seconds elapsed
[FLASH] Finished with 1 warning (see above)
[FLASH] Starting FLASH v2.2.00
[FLASH] Fast Length Adjustment of SHort reads
[FLASH]  
[FLASH] Input files:
[FLASH]     ../data/sra_fastq/input/ERR6913333_1.fastq.gz
[FLASH]     ../data/sra_fastq/input/ERR6913333_2.fastq.gz
[FLASH]  
[FLASH] Output files:
[FLASH]     ../data/sra_fastq/merged_pairs//ERR6913333.flash.extendedFrags.fastq.gz
[FLASH]     ../data/sra_fastq/merged_pairs//ERR6913333.flash.notCombined_1.fastq.gz
[FLASH]     ../data/sra_fastq/merged_pairs//ERR6913333.flash.notCombined_2.fastq.gz
[FLASH]     ../data/sra_fastq/merged_pairs//ERR6913333.flash.hist
[FLASH]     ../data/sra_fastq/merged_pairs//ERR6913333.flash.histogram
[FLASH]  
[FLASH] Parameters:
[FLASH]     Min overlap:           10
[FLASH]     Min overlap outie:     35
[FLASH]     Max overlap:           65
[FLASH]     Max mismatch density:  0.250000
[FLASH]     Allow "outie" pairs:   true
[FLASH]     Cap mismatch quals:    false
[FLASH]     Combiner threads:      2
[FLASH]     Input format:          FASTQ, phred_offset=33
[FLASH]     Output format:         FASTQ, phred_offset=33, gzip
[FLASH]  
[FLASH] Starting reader and writer threads
[FLASH] Starting 2 combiner threads
[FLASH] Processed 25000 read pairs
[FLASH] Processed 50000 read pairs
[FLASH] Processed 75000 read pairs
[FLASH] Processed 100000 read pairs
[FLASH] Processed 125000 read pairs
[FLASH] Processed 150000 read pairs
[FLASH] Processed 175000 read pairs
[FLASH] Processed 200000 read pairs
[FLASH] Processed 225000 read pairs
[FLASH] Processed 250000 read pairs
[FLASH] Processed 275000 read pairs
[FLASH] Processed 300000 read pairs
[FLASH] Processed 325000 read pairs
[FLASH] Processed 350000 read pairs
[FLASH] Processed 375000 read pairs
[FLASH] Processed 400000 read pairs
[FLASH] Processed 425000 read pairs
[FLASH] Processed 450000 read pairs
[FLASH] Processed 475000 read pairs
[FLASH] Processed 500000 read pairs
[FLASH] Processed 525000 read pairs
[FLASH] Processed 550000 read pairs
[FLASH] Processed 575000 read pairs
[FLASH] Processed 600000 read pairs
[FLASH] Processed 625000 read pairs
[FLASH] Processed 650000 read pairs
[FLASH] Processed 675000 read pairs
[FLASH] Processed 700000 read pairs
[FLASH] Processed 725000 read pairs
[FLASH] Processed 750000 read pairs
[FLASH] Processed 775000 read pairs
[FLASH] Processed 800000 read pairs
[FLASH] Processed 825000 read pairs
[FLASH] Processed 850000 read pairs
[FLASH] Processed 875000 read pairs
[FLASH] Processed 900000 read pairs
[FLASH] Processed 925000 read pairs
[FLASH] Processed 950000 read pairs
[FLASH] Processed 975000 read pairs
[FLASH] Processed 981292 read pairs
[FLASH]  
[FLASH] Read combination statistics:
[FLASH]     Total pairs:       981292
[FLASH]     Discarded pairs:   0
[FLASH]     Percent Discarded: 0.00%
[FLASH]     Combined pairs:    936807
[FLASH]         Innie pairs:   935011 (99.81% of combined)
[FLASH]         Outie pairs:   1796 (0.19% of combined)
[FLASH]     Uncombined pairs:  44485
[FLASH]     Percent combined:  95.47%
[FLASH]  
[FLASH] Writing histogram files.
[FLASH] WARNING: An unexpectedly high proportion of combined pairs (91.11%)
overlapped by more than 65 bp, the --max-overlap (-M) parameter.  Consider
increasing this parameter.  (As-is, FLASH is penalizing overlaps longer than
65 bp when considering them for possible combining!)
[FLASH]  
[FLASH] FLASH v2.2.00 complete!
[FLASH] 56.432 seconds elapsed
[FLASH] Finished with 1 warning (see above)
[FLASH] Starting FLASH v2.2.00
[FLASH] Fast Length Adjustment of SHort reads
[FLASH]  
[FLASH] Input files:
[FLASH]     ../data/sra_fastq/input/ERR6913331_1.fastq.gz
[FLASH]     ../data/sra_fastq/input/ERR6913331_2.fastq.gz
[FLASH]  
[FLASH] Output files:
[FLASH]     ../data/sra_fastq/merged_pairs//ERR6913331.flash.extendedFrags.fastq.gz
[FLASH]     ../data/sra_fastq/merged_pairs//ERR6913331.flash.notCombined_1.fastq.gz
[FLASH]     ../data/sra_fastq/merged_pairs//ERR6913331.flash.notCombined_2.fastq.gz
[FLASH]     ../data/sra_fastq/merged_pairs//ERR6913331.flash.hist
[FLASH]     ../data/sra_fastq/merged_pairs//ERR6913331.flash.histogram
[FLASH]  
[FLASH] Parameters:
[FLASH]     Min overlap:           10
[FLASH]     Min overlap outie:     35
[FLASH]     Max overlap:           65
[FLASH]     Max mismatch density:  0.250000
[FLASH]     Allow "outie" pairs:   true
[FLASH]     Cap mismatch quals:    false
[FLASH]     Combiner threads:      2
[FLASH]     Input format:          FASTQ, phred_offset=33
[FLASH]     Output format:         FASTQ, phred_offset=33, gzip
[FLASH]  
[FLASH] Starting reader and writer threads
[FLASH] Starting 2 combiner threads
[FLASH] Processed 25000 read pairs
[FLASH] Processed 50000 read pairs
[FLASH] Processed 75000 read pairs
[FLASH] Processed 100000 read pairs
[FLASH] Processed 125000 read pairs
[FLASH] Processed 150000 read pairs
[FLASH] Processed 175000 read pairs
[FLASH] Processed 200000 read pairs
[FLASH] Processed 225000 read pairs
[FLASH] Processed 250000 read pairs
[FLASH] Processed 275000 read pairs
[FLASH] Processed 300000 read pairs
[FLASH] Processed 325000 read pairs
[FLASH] Processed 350000 read pairs
[FLASH] Processed 375000 read pairs
[FLASH] Processed 400000 read pairs
[FLASH] Processed 423007 read pairs
[FLASH]  
[FLASH] Read combination statistics:
[FLASH]     Total pairs:       423007
[FLASH]     Discarded pairs:   0
[FLASH]     Percent Discarded: 0.00%
[FLASH]     Combined pairs:    384859
[FLASH]         Innie pairs:   384223 (99.83% of combined)
[FLASH]         Outie pairs:   636 (0.17% of combined)
[FLASH]     Uncombined pairs:  38148
[FLASH]     Percent combined:  90.98%
[FLASH]  
[FLASH] Writing histogram files.
[FLASH] WARNING: An unexpectedly high proportion of combined pairs (86.57%)
overlapped by more than 65 bp, the --max-overlap (-M) parameter.  Consider
increasing this parameter.  (As-is, FLASH is penalizing overlaps longer than
65 bp when considering them for possible combining!)
[FLASH]  
[FLASH] FLASH v2.2.00 complete!
[FLASH] 24.992 seconds elapsed
[FLASH] Finished with 1 warning (see above)
srun: job 33524374 queued and waiting for resources
srun: job 33524374 has been allocated resources
[FLASH] Starting FLASH v2.2.00
[FLASH] Fast Length Adjustment of SHort reads
[FLASH]  
[FLASH] Input files:
[FLASH]     ../data/sra_fastq/input/ERR6913234_1.fastq.gz
[FLASH]     ../data/sra_fastq/input/ERR6913234_2.fastq.gz
[FLASH]  
[FLASH] Output files:
[FLASH]     ../data/sra_fastq/merged_pairs//ERR6913234.flash.extendedFrags.fastq.gz
[FLASH]     ../data/sra_fastq/merged_pairs//ERR6913234.flash.notCombined_1.fastq.gz
[FLASH]     ../data/sra_fastq/merged_pairs//ERR6913234.flash.notCombined_2.fastq.gz
[FLASH]     ../data/sra_fastq/merged_pairs//ERR6913234.flash.hist
[FLASH]     ../data/sra_fastq/merged_pairs//ERR6913234.flash.histogram
[FLASH]  
[FLASH] Parameters:
[FLASH]     Min overlap:           10
[FLASH]     Min overlap outie:     35
[FLASH]     Max overlap:           100
[FLASH]     Max mismatch density:  0.250000
[FLASH]     Allow "outie" pairs:   true
[FLASH]     Cap mismatch quals:    false
[FLASH]     Combiner threads:      2
[FLASH]     Input format:          FASTQ, phred_offset=33
[FLASH]     Output format:         FASTQ, phred_offset=33, gzip
[FLASH]  
[FLASH] Starting reader and writer threads
[FLASH] Starting 2 combiner threads
[FLASH] Processed 25000 read pairs
[FLASH] Processed 50000 read pairs
[FLASH] Processed 75000 read pairs
[FLASH] Processed 100000 read pairs
[FLASH] Processed 125000 read pairs
[FLASH] Processed 150000 read pairs
[FLASH] Processed 175000 read pairs
[FLASH] Processed 200000 read pairs
[FLASH] Processed 225000 read pairs
[FLASH] Processed 250000 read pairs
[FLASH] Processed 275000 read pairs
[FLASH] Processed 300000 read pairs
[FLASH] Processed 325000 read pairs
[FLASH] Processed 350000 read pairs
[FLASH] Processed 375000 read pairs
[FLASH] Processed 400000 read pairs
[FLASH] Processed 425000 read pairs
[FLASH] Processed 450000 read pairs
[FLASH] Processed 475000 read pairs
[FLASH] Processed 500000 read pairs
[FLASH] Processed 525000 read pairs
[FLASH] Processed 550000 read pairs
[FLASH] Processed 575000 read pairs
[FLASH] Processed 600000 read pairs
[FLASH] Processed 625000 read pairs
[FLASH] Processed 650000 read pairs
[FLASH] Processed 675000 read pairs
[FLASH] Processed 700000 read pairs
[FLASH] Processed 725000 read pairs
[FLASH] Processed 750000 read pairs
[FLASH] Processed 775000 read pairs
[FLASH] Processed 800000 read pairs
[FLASH] Processed 825000 read pairs
[FLASH] Processed 850000 read pairs
[FLASH] Processed 875000 read pairs
[FLASH] Processed 900000 read pairs
[FLASH] Processed 925000 read pairs
[FLASH] Processed 950000 read pairs
[FLASH] Processed 975000 read pairs
[FLASH] Processed 1000000 read pairs
[FLASH] Processed 1025000 read pairs
[FLASH] Processed 1050000 read pairs
[FLASH] Processed 1075000 read pairs
[FLASH] Processed 1100000 read pairs
[FLASH] Processed 1125000 read pairs
[FLASH] Processed 1150000 read pairs
[FLASH] Processed 1175000 read pairs
[FLASH] Processed 1200000 read pairs
[FLASH] Processed 1225000 read pairs
[FLASH] Processed 1250000 read pairs
[FLASH] Processed 1275000 read pairs
[FLASH] Processed 1300000 read pairs
[FLASH] Processed 1325000 read pairs
[FLASH] Processed 1350000 read pairs
[FLASH] Processed 1368287 read pairs
[FLASH]  
[FLASH] Read combination statistics:
[FLASH]     Total pairs:       1368287
[FLASH]     Discarded pairs:   0
[FLASH]     Percent Discarded: 0.00%
[FLASH]     Combined pairs:    1285592
[FLASH]         Innie pairs:   1283654 (99.85% of combined)
[FLASH]         Outie pairs:   1938 (0.15% of combined)
[FLASH]     Uncombined pairs:  82695
[FLASH]     Percent combined:  93.96%
[FLASH]  
[FLASH] Writing histogram files.
[FLASH] WARNING: An unexpectedly high proportion of combined pairs (68.10%)
overlapped by more than 100 bp, the --max-overlap (-M) parameter.  Consider
increasing this parameter.  (As-is, FLASH is penalizing overlaps longer than
100 bp when considering them for possible combining!)
[FLASH]  
[FLASH] FLASH v2.2.00 complete!
[FLASH] 72.526 seconds elapsed
[FLASH] Finished with 1 warning (see above)
[FLASH] Starting FLASH v2.2.00
[FLASH] Fast Length Adjustment of SHort reads
[FLASH]  
[FLASH] Input files:
[FLASH]     ../data/sra_fastq/input/ERR6913296_1.fastq.gz
[FLASH]     ../data/sra_fastq/input/ERR6913296_2.fastq.gz
[FLASH]  
[FLASH] Output files:
[FLASH]     ../data/sra_fastq/merged_pairs//ERR6913296.flash.extendedFrags.fastq.gz
[FLASH]     ../data/sra_fastq/merged_pairs//ERR6913296.flash.notCombined_1.fastq.gz
[FLASH]     ../data/sra_fastq/merged_pairs//ERR6913296.flash.notCombined_2.fastq.gz
[FLASH]     ../data/sra_fastq/merged_pairs//ERR6913296.flash.hist
[FLASH]     ../data/sra_fastq/merged_pairs//ERR6913296.flash.histogram
[FLASH]  
[FLASH] Parameters:
[FLASH]     Min overlap:           10
[FLASH]     Min overlap outie:     35
[FLASH]     Max overlap:           100
[FLASH]     Max mismatch density:  0.250000
[FLASH]     Allow "outie" pairs:   true
[FLASH]     Cap mismatch quals:    false
[FLASH]     Combiner threads:      2
[FLASH]     Input format:          FASTQ, phred_offset=33
[FLASH]     Output format:         FASTQ, phred_offset=33, gzip
[FLASH]  
[FLASH] Starting reader and writer threads
[FLASH] Starting 2 combiner threads
[FLASH] Processed 25000 read pairs
[FLASH] Processed 50000 read pairs
[FLASH] Processed 75000 read pairs
[FLASH] Processed 100000 read pairs
[FLASH] Processed 125000 read pairs
[FLASH] Processed 150000 read pairs
[FLASH] Processed 175000 read pairs
[FLASH] Processed 200000 read pairs
[FLASH] Processed 225000 read pairs
[FLASH] Processed 250000 read pairs
[FLASH] Processed 275000 read pairs
[FLASH] Processed 300000 read pairs
[FLASH] Processed 325000 read pairs
[FLASH] Processed 350000 read pairs
[FLASH] Processed 375000 read pairs
[FLASH] Processed 400000 read pairs
[FLASH] Processed 425000 read pairs
[FLASH] Processed 450000 read pairs
[FLASH] Processed 475000 read pairs
[FLASH] Processed 500000 read pairs
[FLASH] Processed 525000 read pairs
[FLASH] Processed 550000 read pairs
[FLASH] Processed 575000 read pairs
[FLASH] Processed 600000 read pairs
[FLASH] Processed 625000 read pairs
[FLASH] Processed 650000 read pairs
[FLASH] Processed 675000 read pairs
[FLASH] Processed 700000 read pairs
[FLASH] Processed 725000 read pairs
[FLASH] Processed 750000 read pairs
[FLASH] Processed 775000 read pairs
[FLASH] Processed 800000 read pairs
[FLASH] Processed 805781 read pairs
[FLASH]  
[FLASH] Read combination statistics:
[FLASH]     Total pairs:       805781
[FLASH]     Discarded pairs:   0
[FLASH]     Percent Discarded: 0.00%
[FLASH]     Combined pairs:    708056
[FLASH]         Innie pairs:   707551 (99.93% of combined)
[FLASH]         Outie pairs:   505 (0.07% of combined)
[FLASH]     Uncombined pairs:  97725
[FLASH]     Percent combined:  87.87%
[FLASH]  
[FLASH] Writing histogram files.
[FLASH]  
[FLASH] FLASH v2.2.00 complete!
[FLASH] 59.190 seconds elapsed
[FLASH] WARNING: An unexpectedly high proportion of combined pairs (48.80%)
overlapped by more than 100 bp, the --max-overlap (-M) parameter.  Consider
increasing this parameter.  (As-is, FLASH is penalizing overlaps longer than
100 bp when considering them for possible combining!)
[FLASH] Finished with 1 warning (see above)
[FLASH] Starting FLASH v2.2.00
[FLASH] Fast Length Adjustment of SHort reads
[FLASH]  
[FLASH] Input files:
[FLASH]     ../data/sra_fastq/input/ERR6913302_1.fastq.gz
[FLASH]     ../data/sra_fastq/input/ERR6913302_2.fastq.gz
[FLASH]  
[FLASH] Output files:
[FLASH]     ../data/sra_fastq/merged_pairs//ERR6913302.flash.extendedFrags.fastq.gz
[FLASH]     ../data/sra_fastq/merged_pairs//ERR6913302.flash.notCombined_1.fastq.gz
[FLASH]     ../data/sra_fastq/merged_pairs//ERR6913302.flash.notCombined_2.fastq.gz
[FLASH]     ../data/sra_fastq/merged_pairs//ERR6913302.flash.hist
[FLASH]     ../data/sra_fastq/merged_pairs//ERR6913302.flash.histogram
[FLASH]  
[FLASH] Parameters:
[FLASH]     Min overlap:           10
[FLASH]     Min overlap outie:     35
[FLASH]     Max overlap:           100
[FLASH]     Max mismatch density:  0.250000
[FLASH]     Allow "outie" pairs:   true
[FLASH]     Cap mismatch quals:    false
[FLASH]     Combiner threads:      2
[FLASH]     Input format:          FASTQ, phred_offset=33
[FLASH]     Output format:         FASTQ, phred_offset=33, gzip
[FLASH]  
[FLASH] Starting reader and writer threads
[FLASH] Starting 2 combiner threads
[FLASH] Processed 25000 read pairs
[FLASH] Processed 50000 read pairs
[FLASH] Processed 75000 read pairs
[FLASH] Processed 100000 read pairs
[FLASH] Processed 125000 read pairs
[FLASH] Processed 150000 read pairs
[FLASH] Processed 175000 read pairs
[FLASH] Processed 200000 read pairs
[FLASH] Processed 225000 read pairs
[FLASH] Processed 250000 read pairs
[FLASH] Processed 256225 read pairs
[FLASH]  
[FLASH] Read combination statistics:
[FLASH]     Total pairs:       256225
[FLASH]     Discarded pairs:   0
[FLASH]     Percent Discarded: 0.00%
[FLASH]     Combined pairs:    199730
[FLASH]         Innie pairs:   199474 (99.87% of combined)
[FLASH]         Outie pairs:   256 (0.13% of combined)
[FLASH]     Uncombined pairs:  56495
[FLASH]     Percent combined:  77.95%
[FLASH]  
[FLASH] Writing histogram files.
[FLASH]  
[FLASH] FLASH v2.2.00 complete!
[FLASH] 18.219 seconds elapsed
[FLASH] Finished with 1 warning (see above)
[FLASH] WARNING: An unexpectedly high proportion of combined pairs (51.44%)
overlapped by more than 100 bp, the --max-overlap (-M) parameter.  Consider
increasing this parameter.  (As-is, FLASH is penalizing overlaps longer than
100 bp when considering them for possible combining!)
[FLASH] Starting FLASH v2.2.00
[FLASH] Fast Length Adjustment of SHort reads
[FLASH]  
[FLASH] Input files:
[FLASH]     ../data/sra_fastq/input/ERR6913304_1.fastq.gz
[FLASH]     ../data/sra_fastq/input/ERR6913304_2.fastq.gz
[FLASH]  
[FLASH] Output files:
[FLASH]     ../data/sra_fastq/merged_pairs//ERR6913304.flash.extendedFrags.fastq.gz
[FLASH]     ../data/sra_fastq/merged_pairs//ERR6913304.flash.notCombined_1.fastq.gz
[FLASH]     ../data/sra_fastq/merged_pairs//ERR6913304.flash.notCombined_2.fastq.gz
[FLASH]     ../data/sra_fastq/merged_pairs//ERR6913304.flash.hist
[FLASH]     ../data/sra_fastq/merged_pairs//ERR6913304.flash.histogram
[FLASH]  
[FLASH] Parameters:
[FLASH]     Min overlap:           10
[FLASH]     Min overlap outie:     35
[FLASH]     Max overlap:           100
[FLASH]     Max mismatch density:  0.250000
[FLASH]     Allow "outie" pairs:   true
[FLASH]     Cap mismatch quals:    false
[FLASH]     Combiner threads:      2
[FLASH]     Input format:          FASTQ, phred_offset=33
[FLASH]     Output format:         FASTQ, phred_offset=33, gzip
[FLASH]  
[FLASH] Starting reader and writer threads
[FLASH] Starting 2 combiner threads
[FLASH] Processed 25000 read pairs
[FLASH] Processed 50000 read pairs
[FLASH] Processed 75000 read pairs
[FLASH] Processed 100000 read pairs
[FLASH] Processed 125000 read pairs
[FLASH] Processed 150000 read pairs
[FLASH] Processed 175000 read pairs
[FLASH] Processed 200000 read pairs
[FLASH] Processed 225000 read pairs
[FLASH] Processed 250000 read pairs
[FLASH] Processed 275000 read pairs
[FLASH] Processed 300000 read pairs
[FLASH] Processed 325000 read pairs
[FLASH] Processed 349748 read pairs
[FLASH]  
[FLASH] Read combination statistics:
[FLASH]     Total pairs:       349748
[FLASH]     Discarded pairs:   0
[FLASH]     Percent Discarded: 0.00%
[FLASH]     Combined pairs:    299764
[FLASH]         Innie pairs:   299285 (99.84% of combined)
[FLASH]         Outie pairs:   479 (0.16% of combined)
[FLASH]     Uncombined pairs:  49984
[FLASH]     Percent combined:  85.71%
[FLASH]  
[FLASH] Writing histogram files.
[FLASH] WARNING: An unexpectedly high proportion of combined pairs (50.37%)
overlapped by more than 100 bp, the --max-overlap (-M) parameter.  Consider
increasing this parameter.  (As-is, FLASH is penalizing overlaps longer than
100 bp when considering them for possible combining!)
[FLASH]  
[FLASH] FLASH v2.2.00 complete!
[FLASH] 23.003 seconds elapsed
[FLASH] Finished with 1 warning (see above)
[FLASH] Starting FLASH v2.2.00
[FLASH] Fast Length Adjustment of SHort reads
[FLASH]  
[FLASH] Input files:
[FLASH]     ../data/sra_fastq/input/ERR6913138_1.fastq.gz
[FLASH]     ../data/sra_fastq/input/ERR6913138_2.fastq.gz
[FLASH]  
[FLASH] Output files:
[FLASH]     ../data/sra_fastq/merged_pairs//ERR6913138.flash.extendedFrags.fastq.gz
[FLASH]     ../data/sra_fastq/merged_pairs//ERR6913138.flash.notCombined_1.fastq.gz
[FLASH]     ../data/sra_fastq/merged_pairs//ERR6913138.flash.notCombined_2.fastq.gz
[FLASH]     ../data/sra_fastq/merged_pairs//ERR6913138.flash.hist
[FLASH]     ../data/sra_fastq/merged_pairs//ERR6913138.flash.histogram
[FLASH]  
[FLASH] Parameters:
[FLASH]     Min overlap:           10
[FLASH]     Min overlap outie:     35
[FLASH]     Max overlap:           100
[FLASH]     Max mismatch density:  0.250000
[FLASH]     Allow "outie" pairs:   true
[FLASH]     Cap mismatch quals:    false
[FLASH]     Combiner threads:      2
[FLASH]     Input format:          FASTQ, phred_offset=33
[FLASH]     Output format:         FASTQ, phred_offset=33, gzip
[FLASH]  
[FLASH] Starting reader and writer threads
[FLASH] Starting 2 combiner threads
[FLASH] Processed 25000 read pairs
[FLASH] Processed 50000 read pairs
[FLASH] Processed 75000 read pairs
[FLASH] Processed 100000 read pairs
[FLASH] Processed 125000 read pairs
[FLASH] Processed 150000 read pairs
[FLASH] Processed 175000 read pairs
[FLASH] Processed 200000 read pairs
[FLASH] Processed 225000 read pairs
[FLASH] Processed 250000 read pairs
[FLASH] Processed 275000 read pairs
[FLASH] Processed 300000 read pairs
[FLASH] Processed 325000 read pairs
[FLASH] Processed 350000 read pairs
[FLASH] Processed 375000 read pairs
[FLASH] Processed 400000 read pairs
[FLASH] Processed 425000 read pairs
[FLASH] Processed 450000 read pairs
[FLASH] Processed 475000 read pairs
[FLASH] Processed 500000 read pairs
[FLASH] Processed 525000 read pairs
[FLASH] Processed 550000 read pairs
[FLASH] Processed 575000 read pairs
[FLASH] Processed 600000 read pairs
[FLASH] Processed 625000 read pairs
[FLASH] Processed 650000 read pairs
[FLASH] Processed 675000 read pairs
[FLASH] Processed 700000 read pairs
[FLASH] Processed 725000 read pairs
[FLASH] Processed 750000 read pairs
[FLASH] Processed 775000 read pairs
[FLASH] Processed 800000 read pairs
[FLASH] Processed 825000 read pairs
[FLASH] Processed 850000 read pairs
[FLASH] Processed 875000 read pairs
[FLASH] Processed 900000 read pairs
[FLASH] Processed 925000 read pairs
[FLASH] Processed 950000 read pairs
[FLASH] Processed 975000 read pairs
[FLASH] Processed 1000000 read pairs
[FLASH] Processed 1025000 read pairs
[FLASH] Processed 1050000 read pairs
[FLASH] Processed 1075000 read pairs
[FLASH] Processed 1100000 read pairs
[FLASH] Processed 1108371 read pairs
[FLASH]  
[FLASH] Read combination statistics:
[FLASH]     Total pairs:       1108371
[FLASH]     Discarded pairs:   0
[FLASH]     Percent Discarded: 0.00%
[FLASH]     Combined pairs:    759360
[FLASH]         Innie pairs:   758488 (99.89% of combined)
[FLASH]         Outie pairs:   872 (0.11% of combined)
[FLASH]     Uncombined pairs:  349011
[FLASH]     Percent combined:  68.51%
[FLASH]  
[FLASH] Writing histogram files.
[FLASH]  
[FLASH] FLASH v2.2.00 complete!
[FLASH] WARNING: An unexpectedly high proportion of combined pairs (54.19%)
overlapped by more than 100 bp, the --max-overlap (-M) parameter.  Consider
increasing this parameter.  (As-is, FLASH is penalizing overlaps longer than
100 bp when considering them for possible combining!)
[FLASH] 77.409 seconds elapsed
[FLASH] Finished with 1 warning (see above)
[FLASH] Starting FLASH v2.2.00
[FLASH] Fast Length Adjustment of SHort reads
[FLASH]  
[FLASH] Input files:
[FLASH]     ../data/sra_fastq/input/ERR6913325_1.fastq.gz
[FLASH]     ../data/sra_fastq/input/ERR6913325_2.fastq.gz
[FLASH]  
[FLASH] Output files:
[FLASH]     ../data/sra_fastq/merged_pairs//ERR6913325.flash.extendedFrags.fastq.gz
[FLASH]     ../data/sra_fastq/merged_pairs//ERR6913325.flash.notCombined_1.fastq.gz
[FLASH]     ../data/sra_fastq/merged_pairs//ERR6913325.flash.notCombined_2.fastq.gz
[FLASH]     ../data/sra_fastq/merged_pairs//ERR6913325.flash.hist
[FLASH]     ../data/sra_fastq/merged_pairs//ERR6913325.flash.histogram
[FLASH]  
[FLASH] Parameters:
[FLASH]     Min overlap:           10
[FLASH]     Min overlap outie:     35
[FLASH]     Max overlap:           100
[FLASH]     Max mismatch density:  0.250000
[FLASH]     Allow "outie" pairs:   true
[FLASH]     Cap mismatch quals:    false
[FLASH]     Combiner threads:      2
[FLASH]     Input format:          FASTQ, phred_offset=33
[FLASH]     Output format:         FASTQ, phred_offset=33, gzip
[FLASH]  
[FLASH] Starting reader and writer threads
[FLASH] Starting 2 combiner threads
[FLASH] Processed 25000 read pairs
[FLASH] Processed 50000 read pairs
[FLASH] Processed 75000 read pairs
[FLASH] Processed 100000 read pairs
[FLASH] Processed 125000 read pairs
[FLASH] Processed 150000 read pairs
[FLASH] Processed 175000 read pairs
[FLASH] Processed 200000 read pairs
[FLASH] Processed 225000 read pairs
[FLASH] Processed 250000 read pairs
[FLASH] Processed 275000 read pairs
[FLASH] Processed 300000 read pairs
[FLASH] Processed 325000 read pairs
[FLASH] Processed 350000 read pairs
[FLASH] Processed 375000 read pairs
[FLASH] Processed 400000 read pairs
[FLASH] Processed 425000 read pairs
[FLASH] Processed 450000 read pairs
[FLASH] Processed 475000 read pairs
[FLASH] Processed 500000 read pairs
[FLASH] Processed 525000 read pairs
[FLASH] Processed 550000 read pairs
[FLASH] Processed 575000 read pairs
[FLASH] Processed 600000 read pairs
[FLASH] Processed 625000 read pairs
[FLASH] Processed 650000 read pairs
[FLASH] Processed 675000 read pairs
[FLASH] Processed 700000 read pairs
[FLASH] Processed 725000 read pairs
[FLASH] Processed 750000 read pairs
[FLASH] Processed 775000 read pairs
[FLASH] Processed 800000 read pairs
[FLASH] Processed 825000 read pairs
[FLASH] Processed 850000 read pairs
[FLASH] Processed 875000 read pairs
[FLASH] Processed 900000 read pairs
[FLASH] Processed 912111 read pairs
[FLASH]  
[FLASH] Read combination statistics:
[FLASH]     Total pairs:       912111
[FLASH]     Discarded pairs:   0
[FLASH]     Percent Discarded: 0.00%
[FLASH]     Combined pairs:    824403
[FLASH]         Innie pairs:   823763 (99.92% of combined)
[FLASH]         Outie pairs:   640 (0.08% of combined)
[FLASH]     Uncombined pairs:  87708
[FLASH]     Percent combined:  90.38%
[FLASH]  
[FLASH] Writing histogram files.
[FLASH]  
[FLASH] FLASH v2.2.00 complete!
[FLASH] WARNING: An unexpectedly high proportion of combined pairs (51.95%)
overlapped by more than 100 bp, the --max-overlap (-M) parameter.  Consider
increasing this parameter.  (As-is, FLASH is penalizing overlaps longer than
100 bp when considering them for possible combining!)
[FLASH] 69.712 seconds elapsed
[FLASH] Finished with 1 warning (see above)
[FLASH] Starting FLASH v2.2.00
[FLASH] Fast Length Adjustment of SHort reads
[FLASH]  
[FLASH] Input files:
[FLASH]     ../data/sra_fastq/input/ERR6913333_1.fastq.gz
[FLASH]     ../data/sra_fastq/input/ERR6913333_2.fastq.gz
[FLASH]  
[FLASH] Output files:
[FLASH]     ../data/sra_fastq/merged_pairs//ERR6913333.flash.extendedFrags.fastq.gz
[FLASH]     ../data/sra_fastq/merged_pairs//ERR6913333.flash.notCombined_1.fastq.gz
[FLASH]     ../data/sra_fastq/merged_pairs//ERR6913333.flash.notCombined_2.fastq.gz
[FLASH]     ../data/sra_fastq/merged_pairs//ERR6913333.flash.hist
[FLASH]     ../data/sra_fastq/merged_pairs//ERR6913333.flash.histogram
[FLASH]  
[FLASH] Parameters:
[FLASH]     Min overlap:           10
[FLASH]     Min overlap outie:     35
[FLASH]     Max overlap:           100
[FLASH]     Max mismatch density:  0.250000
[FLASH]     Allow "outie" pairs:   true
[FLASH]     Cap mismatch quals:    false
[FLASH]     Combiner threads:      2
[FLASH]     Input format:          FASTQ, phred_offset=33
[FLASH]     Output format:         FASTQ, phred_offset=33, gzip
[FLASH]  
[FLASH] Starting reader and writer threads
[FLASH] Starting 2 combiner threads
[FLASH] Processed 25000 read pairs
[FLASH] Processed 50000 read pairs
[FLASH] Processed 75000 read pairs
[FLASH] Processed 100000 read pairs
[FLASH] Processed 125000 read pairs
[FLASH] Processed 150000 read pairs
[FLASH] Processed 175000 read pairs
[FLASH] Processed 200000 read pairs
[FLASH] Processed 225000 read pairs
[FLASH] Processed 250000 read pairs
[FLASH] Processed 275000 read pairs
[FLASH] Processed 300000 read pairs
[FLASH] Processed 325000 read pairs
[FLASH] Processed 350000 read pairs
[FLASH] Processed 375000 read pairs
[FLASH] Processed 400000 read pairs
[FLASH] Processed 425000 read pairs
[FLASH] Processed 450000 read pairs
[FLASH] Processed 475000 read pairs
[FLASH] Processed 500000 read pairs
[FLASH] Processed 525000 read pairs
[FLASH] Processed 550000 read pairs
[FLASH] Processed 575000 read pairs
[FLASH] Processed 600000 read pairs
[FLASH] Processed 625000 read pairs
[FLASH] Processed 650000 read pairs
[FLASH] Processed 675000 read pairs
[FLASH] Processed 700000 read pairs
[FLASH] Processed 725000 read pairs
[FLASH] Processed 750000 read pairs
[FLASH] Processed 775000 read pairs
[FLASH] Processed 800000 read pairs
[FLASH] Processed 825000 read pairs
[FLASH] Processed 850000 read pairs
[FLASH] Processed 875000 read pairs
[FLASH] Processed 900000 read pairs
[FLASH] Processed 925000 read pairs
[FLASH] Processed 950000 read pairs
[FLASH] Processed 975000 read pairs
[FLASH] Processed 981292 read pairs
[FLASH]  
[FLASH] Read combination statistics:
[FLASH]     Total pairs:       981292
[FLASH]     Discarded pairs:   0
[FLASH]     Percent Discarded: 0.00%
[FLASH]     Combined pairs:    936831
[FLASH]         Innie pairs:   935032 (99.81% of combined)
[FLASH]         Outie pairs:   1799 (0.19% of combined)
[FLASH]     Uncombined pairs:  44461
[FLASH]     Percent combined:  95.47%
[FLASH]  
[FLASH] Writing histogram files.
[FLASH]  
[FLASH] FLASH v2.2.00 complete!
[FLASH] 66.939 seconds elapsed
[FLASH] WARNING: An unexpectedly high proportion of combined pairs (60.48%)
overlapped by more than 100 bp, the --max-overlap (-M) parameter.  Consider
increasing this parameter.  (As-is, FLASH is penalizing overlaps longer than
100 bp when considering them for possible combining!)
[FLASH] Finished with 1 warning (see above)
[FLASH] Starting FLASH v2.2.00
[FLASH] Fast Length Adjustment of SHort reads
[FLASH]  
[FLASH] Input files:
[FLASH]     ../data/sra_fastq/input/ERR6913331_1.fastq.gz
[FLASH]     ../data/sra_fastq/input/ERR6913331_2.fastq.gz
[FLASH]  
[FLASH] Output files:
[FLASH]     ../data/sra_fastq/merged_pairs//ERR6913331.flash.extendedFrags.fastq.gz
[FLASH]     ../data/sra_fastq/merged_pairs//ERR6913331.flash.notCombined_1.fastq.gz
[FLASH]     ../data/sra_fastq/merged_pairs//ERR6913331.flash.notCombined_2.fastq.gz
[FLASH]     ../data/sra_fastq/merged_pairs//ERR6913331.flash.hist
[FLASH]     ../data/sra_fastq/merged_pairs//ERR6913331.flash.histogram
[FLASH]  
[FLASH] Parameters:
[FLASH]     Min overlap:           10
[FLASH]     Min overlap outie:     35
[FLASH]     Max overlap:           100
[FLASH]     Max mismatch density:  0.250000
[FLASH]     Allow "outie" pairs:   true
[FLASH]     Cap mismatch quals:    false
[FLASH]     Combiner threads:      2
[FLASH]     Input format:          FASTQ, phred_offset=33
[FLASH]     Output format:         FASTQ, phred_offset=33, gzip
[FLASH]  
[FLASH] Starting reader and writer threads
[FLASH] Starting 2 combiner threads
[FLASH] Processed 25000 read pairs
[FLASH] Processed 50000 read pairs
[FLASH] Processed 75000 read pairs
[FLASH] Processed 100000 read pairs
[FLASH] Processed 125000 read pairs
[FLASH] Processed 150000 read pairs
[FLASH] Processed 175000 read pairs
[FLASH] Processed 200000 read pairs
[FLASH] Processed 225000 read pairs
[FLASH] Processed 250000 read pairs
[FLASH] Processed 275000 read pairs
[FLASH] Processed 300000 read pairs
[FLASH] Processed 325000 read pairs
[FLASH] Processed 350000 read pairs
[FLASH] Processed 375000 read pairs
[FLASH] Processed 400000 read pairs
[FLASH] Processed 423007 read pairs
[FLASH]  
[FLASH] Read combination statistics:
[FLASH]     Total pairs:       423007
[FLASH]     Discarded pairs:   0
[FLASH]     Percent Discarded: 0.00%
[FLASH]     Combined pairs:    384864
[FLASH]         Innie pairs:   384225 (99.83% of combined)
[FLASH]         Outie pairs:   639 (0.17% of combined)
[FLASH]     Uncombined pairs:  38143
[FLASH]     Percent combined:  90.98%
[FLASH]  
[FLASH] Writing histogram files.
[FLASH] WARNING: An unexpectedly high proportion of combined pairs (54.17%)
overlapped by more than 100 bp, the --max-overlap (-M) parameter.  Consider
increasing this parameter.  (As-is, FLASH is penalizing overlaps longer than
[FLASH]  
[FLASH] FLASH v2.2.00 complete!
[FLASH] 28.240 seconds elapsed
[FLASH] Finished with 1 warning (see above)
100 bp when considering them for possible combining!)
srun: job 33524803 queued and waiting for resources
srun: job 33524803 has been allocated resources
[FLASH] Starting FLASH v2.2.00
[FLASH] Fast Length Adjustment of SHort reads
[FLASH]  
[FLASH] Input files:
[FLASH]     ../data/sra_fastq/input/ERR6913234_1.fastq.gz
[FLASH]     ../data/sra_fastq/input/ERR6913234_2.fastq.gz
[FLASH]  
[FLASH] Output files:
[FLASH]     ../data/sra_fastq/merged_pairs//ERR6913234.flash.extendedFrags.fastq.gz
[FLASH]     ../data/sra_fastq/merged_pairs//ERR6913234.flash.notCombined_1.fastq.gz
[FLASH]     ../data/sra_fastq/merged_pairs//ERR6913234.flash.notCombined_2.fastq.gz
[FLASH]     ../data/sra_fastq/merged_pairs//ERR6913234.flash.hist
[FLASH]     ../data/sra_fastq/merged_pairs//ERR6913234.flash.histogram
[FLASH]  
[FLASH] Parameters:
[FLASH]     Min overlap:           10
[FLASH]     Min overlap outie:     35
[FLASH]     Max overlap:           120
[FLASH]     Max mismatch density:  0.250000
[FLASH]     Allow "outie" pairs:   true
[FLASH]     Cap mismatch quals:    false
[FLASH]     Combiner threads:      2
[FLASH]     Input format:          FASTQ, phred_offset=33
[FLASH]     Output format:         FASTQ, phred_offset=33, gzip
[FLASH]  
[FLASH] Starting reader and writer threads
[FLASH] Starting 2 combiner threads
[FLASH] Processed 25000 read pairs
[FLASH] Processed 50000 read pairs
[FLASH] Processed 75000 read pairs
[FLASH] Processed 100000 read pairs
[FLASH] Processed 125000 read pairs
[FLASH] Processed 150000 read pairs
[FLASH] Processed 175000 read pairs
[FLASH] Processed 200000 read pairs
[FLASH] Processed 225000 read pairs
[FLASH] Processed 250000 read pairs
[FLASH] Processed 275000 read pairs
[FLASH] Processed 300000 read pairs
[FLASH] Processed 325000 read pairs
[FLASH] Processed 350000 read pairs
[FLASH] Processed 375000 read pairs
[FLASH] Processed 400000 read pairs
[FLASH] Processed 425000 read pairs
[FLASH] Processed 450000 read pairs
[FLASH] Processed 475000 read pairs
[FLASH] Processed 500000 read pairs
[FLASH] Processed 525000 read pairs
[FLASH] Processed 550000 read pairs
[FLASH] Processed 575000 read pairs
[FLASH] Processed 600000 read pairs
[FLASH] Processed 625000 read pairs
[FLASH] Processed 650000 read pairs
[FLASH] Processed 675000 read pairs
[FLASH] Processed 700000 read pairs
[FLASH] Processed 725000 read pairs
[FLASH] Processed 750000 read pairs
[FLASH] Processed 775000 read pairs
[FLASH] Processed 800000 read pairs
[FLASH] Processed 825000 read pairs
[FLASH] Processed 850000 read pairs
[FLASH] Processed 875000 read pairs
[FLASH] Processed 900000 read pairs
[FLASH] Processed 925000 read pairs
[FLASH] Processed 950000 read pairs
[FLASH] Processed 975000 read pairs
[FLASH] Processed 1000000 read pairs
[FLASH] Processed 1025000 read pairs
[FLASH] Processed 1050000 read pairs
[FLASH] Processed 1075000 read pairs
[FLASH] Processed 1100000 read pairs
[FLASH] Processed 1125000 read pairs
[FLASH] Processed 1150000 read pairs
[FLASH] Processed 1175000 read pairs
[FLASH] Processed 1200000 read pairs
[FLASH] Processed 1225000 read pairs
[FLASH] Processed 1250000 read pairs
[FLASH] Processed 1275000 read pairs
[FLASH] Processed 1300000 read pairs
[FLASH] Processed 1325000 read pairs
[FLASH] Processed 1350000 read pairs
[FLASH] Processed 1368287 read pairs
[FLASH]  
[FLASH] Read combination statistics:
[FLASH]     Total pairs:       1368287
[FLASH]     Discarded pairs:   0
[FLASH]     Percent Discarded: 0.00%
[FLASH]     Combined pairs:    1285601
[FLASH]         Innie pairs:   1283663 (99.85% of combined)
[FLASH]         Outie pairs:   1938 (0.15% of combined)
[FLASH]     Uncombined pairs:  82686
[FLASH]     Percent combined:  93.96%
[FLASH]  
[FLASH] Writing histogram files.
[FLASH] WARNING: An unexpectedly high proportion of combined pairs (41.33%)
overlapped by more than 120 bp, the --max-overlap (-M) parameter.  Consider
increasing this parameter.  (As-is, FLASH is penalizing overlaps longer than
[FLASH]  
[FLASH] FLASH v2.2.00 complete!
[FLASH] 71.376 seconds elapsed
[FLASH] Finished with 1 warning (see above)
120 bp when considering them for possible combining!)
[FLASH] Starting FLASH v2.2.00
[FLASH] Fast Length Adjustment of SHort reads
[FLASH]  
[FLASH] Input files:
[FLASH]     ../data/sra_fastq/input/ERR6913296_1.fastq.gz
[FLASH]     ../data/sra_fastq/input/ERR6913296_2.fastq.gz
[FLASH]  
[FLASH] Output files:
[FLASH]     ../data/sra_fastq/merged_pairs//ERR6913296.flash.extendedFrags.fastq.gz
[FLASH]     ../data/sra_fastq/merged_pairs//ERR6913296.flash.notCombined_1.fastq.gz
[FLASH]     ../data/sra_fastq/merged_pairs//ERR6913296.flash.notCombined_2.fastq.gz
[FLASH]     ../data/sra_fastq/merged_pairs//ERR6913296.flash.hist
[FLASH]     ../data/sra_fastq/merged_pairs//ERR6913296.flash.histogram
[FLASH]  
[FLASH] Parameters:
[FLASH]     Min overlap:           10
[FLASH]     Min overlap outie:     35
[FLASH]     Max overlap:           120
[FLASH]     Max mismatch density:  0.250000
[FLASH]     Allow "outie" pairs:   true
[FLASH]     Cap mismatch quals:    false
[FLASH]     Combiner threads:      2
[FLASH]     Input format:          FASTQ, phred_offset=33
[FLASH]     Output format:         FASTQ, phred_offset=33, gzip
[FLASH]  
[FLASH] Starting reader and writer threads
[FLASH] Starting 2 combiner threads
[FLASH] Processed 25000 read pairs
[FLASH] Processed 50000 read pairs
[FLASH] Processed 75000 read pairs
[FLASH] Processed 100000 read pairs
[FLASH] Processed 125000 read pairs
[FLASH] Processed 150000 read pairs
[FLASH] Processed 175000 read pairs
[FLASH] Processed 200000 read pairs
[FLASH] Processed 225000 read pairs
[FLASH] Processed 250000 read pairs
[FLASH] Processed 275000 read pairs
[FLASH] Processed 300000 read pairs
[FLASH] Processed 325000 read pairs
[FLASH] Processed 350000 read pairs
[FLASH] Processed 375000 read pairs
[FLASH] Processed 400000 read pairs
[FLASH] Processed 425000 read pairs
[FLASH] Processed 450000 read pairs
[FLASH] Processed 475000 read pairs
[FLASH] Processed 500000 read pairs
[FLASH] Processed 525000 read pairs
[FLASH] Processed 550000 read pairs
[FLASH] Processed 575000 read pairs
[FLASH] Processed 600000 read pairs
[FLASH] Processed 625000 read pairs
[FLASH] Processed 650000 read pairs
[FLASH] Processed 675000 read pairs
[FLASH] Processed 700000 read pairs
[FLASH] Processed 725000 read pairs
[FLASH] Processed 750000 read pairs
[FLASH] Processed 775000 read pairs
[FLASH] Processed 800000 read pairs
[FLASH] Processed 805781 read pairs
[FLASH]  
[FLASH] Read combination statistics:
[FLASH]     Total pairs:       805781
[FLASH]     Discarded pairs:   0
[FLASH]     Percent Discarded: 0.00%
[FLASH]     Combined pairs:    708060
[FLASH]         Innie pairs:   707552 (99.93% of combined)
[FLASH]         Outie pairs:   508 (0.07% of combined)
[FLASH]     Uncombined pairs:  97721
[FLASH]     Percent combined:  87.87%
[FLASH]  
[FLASH] Writing histogram files.
[FLASH]  
[FLASH] FLASH v2.2.00 complete!
[FLASH] WARNING: An unexpectedly high proportion of combined pairs (27.58%)
overlapped by more than 120 bp, the --max-overlap (-M) parameter.  Consider
increasing this parameter.  (As-is, FLASH is penalizing overlaps longer than
120 bp when considering them for possible combining!)
[FLASH] 63.844 seconds elapsed
[FLASH] Finished with 1 warning (see above)
[FLASH] Starting FLASH v2.2.00
[FLASH] Fast Length Adjustment of SHort reads
[FLASH]  
[FLASH] Input files:
[FLASH]     ../data/sra_fastq/input/ERR6913302_1.fastq.gz
[FLASH]     ../data/sra_fastq/input/ERR6913302_2.fastq.gz
[FLASH]  
[FLASH] Output files:
[FLASH]     ../data/sra_fastq/merged_pairs//ERR6913302.flash.extendedFrags.fastq.gz
[FLASH]     ../data/sra_fastq/merged_pairs//ERR6913302.flash.notCombined_1.fastq.gz
[FLASH]     ../data/sra_fastq/merged_pairs//ERR6913302.flash.notCombined_2.fastq.gz
[FLASH]     ../data/sra_fastq/merged_pairs//ERR6913302.flash.hist
[FLASH]     ../data/sra_fastq/merged_pairs//ERR6913302.flash.histogram
[FLASH]  
[FLASH] Parameters:
[FLASH]     Min overlap:           10
[FLASH]     Min overlap outie:     35
[FLASH]     Max overlap:           120
[FLASH]     Max mismatch density:  0.250000
[FLASH]     Allow "outie" pairs:   true
[FLASH]     Cap mismatch quals:    false
[FLASH]     Combiner threads:      2
[FLASH]     Input format:          FASTQ, phred_offset=33
[FLASH]     Output format:         FASTQ, phred_offset=33, gzip
[FLASH]  
[FLASH] Starting reader and writer threads
[FLASH] Starting 2 combiner threads
[FLASH] Processed 25000 read pairs
[FLASH] Processed 50000 read pairs
[FLASH] Processed 75000 read pairs
[FLASH] Processed 100000 read pairs
[FLASH] Processed 125000 read pairs
[FLASH] Processed 150000 read pairs
[FLASH] Processed 175000 read pairs
[FLASH] Processed 200000 read pairs
[FLASH] Processed 225000 read pairs
[FLASH] Processed 250000 read pairs
[FLASH] Processed 256225 read pairs
[FLASH]  
[FLASH] Read combination statistics:
[FLASH]     Total pairs:       256225
[FLASH]     Discarded pairs:   0
[FLASH]     Percent Discarded: 0.00%
[FLASH]     Combined pairs:    199732
[FLASH]         Innie pairs:   199475 (99.87% of combined)
[FLASH]         Outie pairs:   257 (0.13% of combined)
[FLASH]     Uncombined pairs:  56493
[FLASH]     Percent combined:  77.95%
[FLASH]  
[FLASH] Writing histogram files.
[FLASH]  
[FLASH] FLASH v2.2.00 complete!
[FLASH] 18.571 seconds elapsed
[FLASH] Finished with 1 warning (see above)
[FLASH] WARNING: An unexpectedly high proportion of combined pairs (30.09%)
overlapped by more than 120 bp, the --max-overlap (-M) parameter.  Consider
increasing this parameter.  (As-is, FLASH is penalizing overlaps longer than
120 bp when considering them for possible combining!)
[FLASH] Starting FLASH v2.2.00
[FLASH] Fast Length Adjustment of SHort reads
[FLASH]  
[FLASH] Input files:
[FLASH]     ../data/sra_fastq/input/ERR6913304_1.fastq.gz
[FLASH]     ../data/sra_fastq/input/ERR6913304_2.fastq.gz
[FLASH]  
[FLASH] Output files:
[FLASH]     ../data/sra_fastq/merged_pairs//ERR6913304.flash.extendedFrags.fastq.gz
[FLASH]     ../data/sra_fastq/merged_pairs//ERR6913304.flash.notCombined_1.fastq.gz
[FLASH]     ../data/sra_fastq/merged_pairs//ERR6913304.flash.notCombined_2.fastq.gz
[FLASH]     ../data/sra_fastq/merged_pairs//ERR6913304.flash.hist
[FLASH]     ../data/sra_fastq/merged_pairs//ERR6913304.flash.histogram
[FLASH]  
[FLASH] Parameters:
[FLASH]     Min overlap:           10
[FLASH]     Min overlap outie:     35
[FLASH]     Max overlap:           120
[FLASH]     Max mismatch density:  0.250000
[FLASH]     Allow "outie" pairs:   true
[FLASH]     Cap mismatch quals:    false
[FLASH]     Combiner threads:      2
[FLASH]     Input format:          FASTQ, phred_offset=33
[FLASH]     Output format:         FASTQ, phred_offset=33, gzip
[FLASH]  
[FLASH] Starting reader and writer threads
[FLASH] Starting 2 combiner threads
[FLASH] Processed 25000 read pairs
[FLASH] Processed 50000 read pairs
[FLASH] Processed 75000 read pairs
[FLASH] Processed 100000 read pairs
[FLASH] Processed 125000 read pairs
[FLASH] Processed 150000 read pairs
[FLASH] Processed 175000 read pairs
[FLASH] Processed 200000 read pairs
[FLASH] Processed 225000 read pairs
[FLASH] Processed 250000 read pairs
[FLASH] Processed 275000 read pairs
[FLASH] Processed 300000 read pairs
[FLASH] Processed 325000 read pairs
[FLASH] Processed 349748 read pairs
[FLASH]  
[FLASH] Read combination statistics:
[FLASH]     Total pairs:       349748
[FLASH]     Discarded pairs:   0
[FLASH]     Percent Discarded: 0.00%
[FLASH]     Combined pairs:    299767
[FLASH]         Innie pairs:   299287 (99.84% of combined)
[FLASH]         Outie pairs:   480 (0.16% of combined)
[FLASH]     Uncombined pairs:  49981
[FLASH]     Percent combined:  85.71%
[FLASH]  
[FLASH] Writing histogram files.
[FLASH]  
[FLASH] FLASH v2.2.00 complete!
[FLASH] 23.523 seconds elapsed
[FLASH] Finished with 1 warning (see above)
[FLASH] WARNING: An unexpectedly high proportion of combined pairs (28.79%)
overlapped by more than 120 bp, the --max-overlap (-M) parameter.  Consider
increasing this parameter.  (As-is, FLASH is penalizing overlaps longer than
120 bp when considering them for possible combining!)
[FLASH] Starting FLASH v2.2.00
[FLASH] Fast Length Adjustment of SHort reads
[FLASH]  
[FLASH] Input files:
[FLASH]     ../data/sra_fastq/input/ERR6913138_1.fastq.gz
[FLASH]     ../data/sra_fastq/input/ERR6913138_2.fastq.gz
[FLASH]  
[FLASH] Output files:
[FLASH]     ../data/sra_fastq/merged_pairs//ERR6913138.flash.extendedFrags.fastq.gz
[FLASH]     ../data/sra_fastq/merged_pairs//ERR6913138.flash.notCombined_1.fastq.gz
[FLASH]     ../data/sra_fastq/merged_pairs//ERR6913138.flash.notCombined_2.fastq.gz
[FLASH]     ../data/sra_fastq/merged_pairs//ERR6913138.flash.hist
[FLASH]     ../data/sra_fastq/merged_pairs//ERR6913138.flash.histogram
[FLASH]  
[FLASH] Parameters:
[FLASH]     Min overlap:           10
[FLASH]     Min overlap outie:     35
[FLASH]     Max overlap:           120
[FLASH]     Max mismatch density:  0.250000
[FLASH]     Allow "outie" pairs:   true
[FLASH]     Cap mismatch quals:    false
[FLASH]     Combiner threads:      2
[FLASH]     Input format:          FASTQ, phred_offset=33
[FLASH]     Output format:         FASTQ, phred_offset=33, gzip
[FLASH]  
[FLASH] Starting reader and writer threads
[FLASH] Starting 2 combiner threads
[FLASH] Processed 25000 read pairs
[FLASH] Processed 50000 read pairs
[FLASH] Processed 75000 read pairs
[FLASH] Processed 100000 read pairs
[FLASH] Processed 125000 read pairs
[FLASH] Processed 150000 read pairs
[FLASH] Processed 175000 read pairs
[FLASH] Processed 200000 read pairs
[FLASH] Processed 225000 read pairs
[FLASH] Processed 250000 read pairs
[FLASH] Processed 275000 read pairs
[FLASH] Processed 300000 read pairs
[FLASH] Processed 325000 read pairs
[FLASH] Processed 350000 read pairs
[FLASH] Processed 375000 read pairs
[FLASH] Processed 400000 read pairs
[FLASH] Processed 425000 read pairs
[FLASH] Processed 450000 read pairs
[FLASH] Processed 475000 read pairs
[FLASH] Processed 500000 read pairs
[FLASH] Processed 525000 read pairs
[FLASH] Processed 550000 read pairs
[FLASH] Processed 575000 read pairs
[FLASH] Processed 600000 read pairs
[FLASH] Processed 625000 read pairs
[FLASH] Processed 650000 read pairs
[FLASH] Processed 675000 read pairs
[FLASH] Processed 700000 read pairs
[FLASH] Processed 725000 read pairs
[FLASH] Processed 750000 read pairs
[FLASH] Processed 775000 read pairs
[FLASH] Processed 800000 read pairs
[FLASH] Processed 825000 read pairs
[FLASH] Processed 850000 read pairs
[FLASH] Processed 875000 read pairs
[FLASH] Processed 900000 read pairs
[FLASH] Processed 925000 read pairs
[FLASH] Processed 950000 read pairs
[FLASH] Processed 975000 read pairs
[FLASH] Processed 1000000 read pairs
[FLASH] Processed 1025000 read pairs
[FLASH] Processed 1050000 read pairs
[FLASH] Processed 1075000 read pairs
[FLASH] Processed 1100000 read pairs
[FLASH] Processed 1108371 read pairs
[FLASH]  
[FLASH] Read combination statistics:
[FLASH]     Total pairs:       1108371
[FLASH]     Discarded pairs:   0
[FLASH]     Percent Discarded: 0.00%
[FLASH]     Combined pairs:    759377
[FLASH]         Innie pairs:   758495 (99.88% of combined)
[FLASH]         Outie pairs:   882 (0.12% of combined)
[FLASH]     Uncombined pairs:  348994
[FLASH]     Percent combined:  68.51%
[FLASH]  
[FLASH] Writing histogram files.
[FLASH]  
[FLASH] FLASH v2.2.00 complete!
[FLASH] 76.965 seconds elapsed
[FLASH] Finished with 1 warning (see above)
[FLASH] WARNING: An unexpectedly high proportion of combined pairs (33.62%)
overlapped by more than 120 bp, the --max-overlap (-M) parameter.  Consider
increasing this parameter.  (As-is, FLASH is penalizing overlaps longer than
120 bp when considering them for possible combining!)
[FLASH] Starting FLASH v2.2.00
[FLASH] Fast Length Adjustment of SHort reads
[FLASH]  
[FLASH] Input files:
[FLASH]     ../data/sra_fastq/input/ERR6913325_1.fastq.gz
[FLASH]     ../data/sra_fastq/input/ERR6913325_2.fastq.gz
[FLASH]  
[FLASH] Output files:
[FLASH]     ../data/sra_fastq/merged_pairs//ERR6913325.flash.extendedFrags.fastq.gz
[FLASH]     ../data/sra_fastq/merged_pairs//ERR6913325.flash.notCombined_1.fastq.gz
[FLASH]     ../data/sra_fastq/merged_pairs//ERR6913325.flash.notCombined_2.fastq.gz
[FLASH]     ../data/sra_fastq/merged_pairs//ERR6913325.flash.hist
[FLASH]     ../data/sra_fastq/merged_pairs//ERR6913325.flash.histogram
[FLASH]  
[FLASH] Parameters:
[FLASH]     Min overlap:           10
[FLASH]     Min overlap outie:     35
[FLASH]     Max overlap:           120
[FLASH]     Max mismatch density:  0.250000
[FLASH]     Allow "outie" pairs:   true
[FLASH]     Cap mismatch quals:    false
[FLASH]     Combiner threads:      2
[FLASH]     Input format:          FASTQ, phred_offset=33
[FLASH]     Output format:         FASTQ, phred_offset=33, gzip
[FLASH]  
[FLASH] Starting reader and writer threads
[FLASH] Starting 2 combiner threads
[FLASH] Processed 25000 read pairs
[FLASH] Processed 50000 read pairs
[FLASH] Processed 75000 read pairs
[FLASH] Processed 100000 read pairs
[FLASH] Processed 125000 read pairs
[FLASH] Processed 150000 read pairs
[FLASH] Processed 175000 read pairs
[FLASH] Processed 200000 read pairs
[FLASH] Processed 225000 read pairs
[FLASH] Processed 250000 read pairs
[FLASH] Processed 275000 read pairs
[FLASH] Processed 300000 read pairs
[FLASH] Processed 325000 read pairs
[FLASH] Processed 350000 read pairs
[FLASH] Processed 375000 read pairs
[FLASH] Processed 400000 read pairs
[FLASH] Processed 425000 read pairs
[FLASH] Processed 450000 read pairs
[FLASH] Processed 475000 read pairs
[FLASH] Processed 500000 read pairs
[FLASH] Processed 525000 read pairs
[FLASH] Processed 550000 read pairs
[FLASH] Processed 575000 read pairs
[FLASH] Processed 600000 read pairs
[FLASH] Processed 625000 read pairs
[FLASH] Processed 650000 read pairs
[FLASH] Processed 675000 read pairs
[FLASH] Processed 700000 read pairs
[FLASH] Processed 725000 read pairs
[FLASH] Processed 750000 read pairs
[FLASH] Processed 775000 read pairs
[FLASH] Processed 800000 read pairs
[FLASH] Processed 825000 read pairs
[FLASH] Processed 850000 read pairs
[FLASH] Processed 875000 read pairs
[FLASH] Processed 900000 read pairs
[FLASH] Processed 912111 read pairs
[FLASH]  
[FLASH] Read combination statistics:
[FLASH]     Total pairs:       912111
[FLASH]     Discarded pairs:   0
[FLASH]     Percent Discarded: 0.00%
[FLASH]     Combined pairs:    824404
[FLASH]         Innie pairs:   823762 (99.92% of combined)
[FLASH]         Outie pairs:   642 (0.08% of combined)
[FLASH]     Uncombined pairs:  87707
[FLASH]     Percent combined:  90.38%
[FLASH]  
[FLASH] Writing histogram files.
[FLASH]  
[FLASH] FLASH v2.2.00 complete!
[FLASH] WARNING: An unexpectedly high proportion of combined pairs (29.86%)
overlapped by more than 120 bp, the --max-overlap (-M) parameter.  Consider
increasing this parameter.  (As-is, FLASH is penalizing overlaps longer than
120 bp when considering them for possible combining!)
[FLASH] 68.686 seconds elapsed
[FLASH] Finished with 1 warning (see above)
[FLASH] Starting FLASH v2.2.00
[FLASH] Fast Length Adjustment of SHort reads
[FLASH]  
[FLASH] Input files:
[FLASH]     ../data/sra_fastq/input/ERR6913333_1.fastq.gz
[FLASH]     ../data/sra_fastq/input/ERR6913333_2.fastq.gz
[FLASH]  
[FLASH] Output files:
[FLASH]     ../data/sra_fastq/merged_pairs//ERR6913333.flash.extendedFrags.fastq.gz
[FLASH]     ../data/sra_fastq/merged_pairs//ERR6913333.flash.notCombined_1.fastq.gz
[FLASH]     ../data/sra_fastq/merged_pairs//ERR6913333.flash.notCombined_2.fastq.gz
[FLASH]     ../data/sra_fastq/merged_pairs//ERR6913333.flash.hist
[FLASH]     ../data/sra_fastq/merged_pairs//ERR6913333.flash.histogram
[FLASH]  
[FLASH] Parameters:
[FLASH]     Min overlap:           10
[FLASH]     Min overlap outie:     35
[FLASH]     Max overlap:           120
[FLASH]     Max mismatch density:  0.250000
[FLASH]     Allow "outie" pairs:   true
[FLASH]     Cap mismatch quals:    false
[FLASH]     Combiner threads:      2
[FLASH]     Input format:          FASTQ, phred_offset=33
[FLASH]     Output format:         FASTQ, phred_offset=33, gzip
[FLASH]  
[FLASH] Starting reader and writer threads
[FLASH] Starting 2 combiner threads
[FLASH] Processed 25000 read pairs
[FLASH] Processed 50000 read pairs
[FLASH] Processed 75000 read pairs
[FLASH] Processed 100000 read pairs
[FLASH] Processed 125000 read pairs
[FLASH] Processed 150000 read pairs
[FLASH] Processed 175000 read pairs
[FLASH] Processed 200000 read pairs
[FLASH] Processed 225000 read pairs
[FLASH] Processed 250000 read pairs
[FLASH] Processed 275000 read pairs
[FLASH] Processed 300000 read pairs
[FLASH] Processed 325000 read pairs
[FLASH] Processed 350000 read pairs
[FLASH] Processed 375000 read pairs
[FLASH] Processed 400000 read pairs
[FLASH] Processed 425000 read pairs
[FLASH] Processed 450000 read pairs
[FLASH] Processed 475000 read pairs
[FLASH] Processed 500000 read pairs
[FLASH] Processed 525000 read pairs
[FLASH] Processed 550000 read pairs
[FLASH] Processed 575000 read pairs
[FLASH] Processed 600000 read pairs
[FLASH] Processed 625000 read pairs
[FLASH] Processed 650000 read pairs
[FLASH] Processed 675000 read pairs
[FLASH] Processed 700000 read pairs
[FLASH] Processed 725000 read pairs
[FLASH] Processed 750000 read pairs
[FLASH] Processed 775000 read pairs
[FLASH] Processed 800000 read pairs
[FLASH] Processed 825000 read pairs
[FLASH] Processed 850000 read pairs
[FLASH] Processed 875000 read pairs
[FLASH] Processed 900000 read pairs
[FLASH] Processed 925000 read pairs
[FLASH] Processed 950000 read pairs
[FLASH] Processed 975000 read pairs
[FLASH] Processed 981292 read pairs
[FLASH]  
[FLASH] Read combination statistics:
[FLASH]     Total pairs:       981292
[FLASH]     Discarded pairs:   0
[FLASH]     Percent Discarded: 0.00%
[FLASH]     Combined pairs:    936835
[FLASH]         Innie pairs:   935035 (99.81% of combined)
[FLASH]         Outie pairs:   1800 (0.19% of combined)
[FLASH]     Uncombined pairs:  44457
[FLASH]     Percent combined:  95.47%
[FLASH]  
[FLASH] Writing histogram files.
[FLASH]  
[FLASH] WARNING: An unexpectedly high proportion of combined pairs (33.71%)
overlapped by more than 120 bp, the --max-overlap (-M) parameter.  Consider
increasing this parameter.  (As-is, FLASH is penalizing overlaps longer than
120 bp when considering them for possible combining!)
[FLASH] FLASH v2.2.00 complete!
[FLASH] 71.252 seconds elapsed
[FLASH] Finished with 1 warning (see above)
[FLASH] Starting FLASH v2.2.00
[FLASH] Fast Length Adjustment of SHort reads
[FLASH]  
[FLASH] Input files:
[FLASH]     ../data/sra_fastq/input/ERR6913331_1.fastq.gz
[FLASH]     ../data/sra_fastq/input/ERR6913331_2.fastq.gz
[FLASH]  
[FLASH] Output files:
[FLASH]     ../data/sra_fastq/merged_pairs//ERR6913331.flash.extendedFrags.fastq.gz
[FLASH]     ../data/sra_fastq/merged_pairs//ERR6913331.flash.notCombined_1.fastq.gz
[FLASH]     ../data/sra_fastq/merged_pairs//ERR6913331.flash.notCombined_2.fastq.gz
[FLASH]     ../data/sra_fastq/merged_pairs//ERR6913331.flash.hist
[FLASH]     ../data/sra_fastq/merged_pairs//ERR6913331.flash.histogram
[FLASH]  
[FLASH] Parameters:
[FLASH]     Min overlap:           10
[FLASH]     Min overlap outie:     35
[FLASH]     Max overlap:           120
[FLASH]     Max mismatch density:  0.250000
[FLASH]     Allow "outie" pairs:   true
[FLASH]     Cap mismatch quals:    false
[FLASH]     Combiner threads:      2
[FLASH]     Input format:          FASTQ, phred_offset=33
[FLASH]     Output format:         FASTQ, phred_offset=33, gzip
[FLASH]  
[FLASH] Starting reader and writer threads
[FLASH] Starting 2 combiner threads
[FLASH] Processed 25000 read pairs
[FLASH] Processed 50000 read pairs
[FLASH] Processed 75000 read pairs
[FLASH] Processed 100000 read pairs
[FLASH] Processed 125000 read pairs
[FLASH] Processed 150000 read pairs
[FLASH] Processed 175000 read pairs
[FLASH] Processed 200000 read pairs
[FLASH] Processed 225000 read pairs
[FLASH] Processed 250000 read pairs
[FLASH] Processed 275000 read pairs
[FLASH] Processed 300000 read pairs
[FLASH] Processed 325000 read pairs
[FLASH] Processed 350000 read pairs
[FLASH] Processed 375000 read pairs
[FLASH] Processed 400000 read pairs
[FLASH] Processed 423007 read pairs
[FLASH]  
[FLASH] Read combination statistics:
[FLASH]     Total pairs:       423007
[FLASH]     Discarded pairs:   0
[FLASH]     Percent Discarded: 0.00%
[FLASH]     Combined pairs:    384865
[FLASH]         Innie pairs:   384225 (99.83% of combined)
[FLASH]         Outie pairs:   640 (0.17% of combined)
[FLASH]     Uncombined pairs:  38142
[FLASH]     Percent combined:  90.98%
[FLASH]  
[FLASH] Writing histogram files.
[FLASH]  
[FLASH] FLASH v2.2.00 complete!
[FLASH] WARNING: An unexpectedly high proportion of combined pairs (31.65%)
overlapped by more than 120 bp, the --max-overlap (-M) parameter.  Consider
increasing this parameter.  (As-is, FLASH is penalizing overlaps longer than
120 bp when considering them for possible combining!)
[FLASH] 28.646 seconds elapsed
[FLASH] Finished with 1 warning (see above)
